10.0.0.2 10.0.0.3 10.0.0.4 10.0.0.5 10.0.0.6 10.0.0.7 10.0.0.8 10.0.0.9 10.0.0.10 10.0.0.11 10.0.0.12 10.0.0.13 10.0.0.14 10.0.0.15 10.0.0.16 
h1 0.110000 0 F7dOvVmV 63351
h1 0.209000 0 ccsyuimW 15339
h1 0.319000 1 F7dOvVmV
h1 0.439000 1 F7dOvVmV
h1 0.520000 1 ccsyuimW
h1 0.611000 1 ccsyuimW
h1 0.722000 0 ePylUyta 40605
h1 0.816000 1 ePylUyta
h1 0.929000 0 ePylUyta 34861
h1 1.029000 1 F7dOvVmV
h1 1.144000 1 F7dOvVmV
h1 1.244000 0 ePylUyta 30621
h1 1.351000 1 ccsyuimW
h1 1.467000 1 F7dOvVmV
h1 1.572000 0 cOn5SvHk 7649
h1 1.644000 1 ccsyuimW
h1 1.749000 0 7uLuAJOl 19232
h1 1.845000 0 oqjPgJVb 30549
h1 1.951000 0 ccsyuimW 41388
h1 2.065000 0 HWVDpg7O 17439
h1 2.173000 0 ccsyuimW 2296
h1 2.295000 1 cOn5SvHk
h1 2.396000 0 7GxVBBn0 62443
h1 2.501000 1 cOn5SvHk
h1 2.619000 1 ePylUyta
h1 2.717000 1 oqjPgJVb
h1 2.817000 1 7GxVBBn0
h1 2.904000 0 cOn5SvHk 58063
h1 3.004000 0 ePylUyta 52836
h1 3.090000 0 HWVDpg7O 11042
h1 3.195000 0 DdKbizbT 47786
h1 3.286000 0 PNV6LJ21 25840
h1 3.382000 0 F7dOvVmV 52325
h1 3.501000 1 DdKbizbT
h1 3.621000 0 ccsyuimW 39025
h1 3.719000 1 cOn5SvHk
h1 3.820000 0 xw5CMHjA 52879
h1 3.904000 1 xw5CMHjA
h1 4.025000 0 yYaoe30q 42772
h1 4.130000 0 caxMzsdT 63820
h1 4.227000 1 F7dOvVmV
h1 4.340000 0 KpiDNcQv 9049
h1 4.340000 1 cOn5SvHk
h1 4.340000 1 oqjPgJVb
h1 4.434000 0 TA1eBH5y 50890
h1 4.562000 1 cOn5SvHk
h1 4.669000 1 cOn5SvHk
h1 4.758000 1 DdKbizbT
h1 4.865000 0 qxmEerd5 33119
h1 4.968000 1 caxMzsdT
h1 5.068000 1 ePylUyta
h1 5.163000 0 gwwF3WHA 24781
h1 5.274000 1 cOn5SvHk
h1 5.365000 0 F7dOvVmV 40041
h1 5.365000 1 cOn5SvHk
h1 5.365000 1 xw5CMHjA
h1 5.461000 1 HWVDpg7O
h1 5.548000 0 Veb0Sd5J 2987
h1 5.668000 1 DdKbizbT
h1 5.759000 0 ZbZYqRKb 60442
h1 5.866000 1 xw5CMHjA
h1 5.978000 0 caxMzsdT 12957
h1 6.098000 1 F7dOvVmV
h1 6.200000 1 qxmEerd5
h1 6.306000 0 3FYifsqt 23367
h1 6.405000 0 BVnPGBk6 46466
h1 6.526000 0 cz6Ja3Ng 45486
h1 6.640000 1 cOn5SvHk
h1 6.739000 0 RHWVUCTy 36726
h1 6.842000 1 gwwF3WHA
h1 6.928000 1 3FYifsqt
h1 7.012000 0 IQsi8d4Z 36667
h1 7.119000 1 gwwF3WHA
h1 7.237000 0 rSBhWFfR 17713
h1 7.339000 0 VRcZga1C 27334
h1 7.440000 0 oqjPgJVb 22219
h1 7.546000 0 gwwF3WHA 47521
h1 7.644000 0 yCABmzMS 24506
h1 7.736000 1 cOn5SvHk
h1 7.825000 1 yCABmzMS
h1 7.923000 1 ePylUyta
h1 8.032000 0 4TnK2xke 35596
h1 8.135000 1 yYaoe30q
h1 8.242000 1 cOn5SvHk
h1 8.355000 1 KpiDNcQv
h1 8.441000 0 DdKbizbT 34012
h1 8.538000 0 loQ3cvnw 56564
h1 8.651000 1 caxMzsdT
h1 8.753000 1 qxmEerd5
h1 8.855000 0 aJWlTlWK 9036
h1 8.963000 0 DdKbizbT 65169
h1 9.054000 1 DdKbizbT
h1 9.141000 0 w7aiW6k1 11343
h1 9.219000 1 7uLuAJOl
h1 9.323000 1 oqjPgJVb
h1 9.406000 1 oqjPgJVb
h1 9.505000 0 cz6Ja3Ng 44835
h1 9.600000 0 bbIAquiI 6695
h1 9.704000 0 XVckAaNm 9058
h1 9.815000 0 DdKbizbT 6892
h1 9.915000 1 yCABmzMS
h1 10.019000 1 VRcZga1C
h1 10.113000 1 Veb0Sd5J
h1 10.197000 1 XVckAaNm
h1 10.298000 0 LTiLOSfv 45624
h1 10.383000 0 KQsZYiaS 49788
h1 10.482000 1 cz6Ja3Ng
h1 10.581000 0 GDsz2Ftn 27865
h1 10.687000 0 XVckAaNm 10080
h1 10.783000 1 bbIAquiI
h1 10.892000 1 4TnK2xke
h1 10.991000 1 4TnK2xke
h1 11.103000 0 BVnPGBk6 25822
h1 11.205000 0 b3JMmSRm 52277
h1 11.316000 0 PNV6LJ21 12134
h1 11.406000 1 4TnK2xke
h1 11.498000 0 PVFBDheZ 11074
h1 11.606000 1 ZbZYqRKb
h1 11.686000 1 b3JMmSRm
h1 11.769000 1 TA1eBH5y
h1 11.870000 1 GDsz2Ftn
h1 11.979000 1 RHWVUCTy
h1 12.072000 1 Veb0Sd5J
h1 12.172000 1 KpiDNcQv
h1 12.285000 1 w7aiW6k1
h1 12.381000 0 xw5CMHjA 32923
h1 12.491000 0 bbIAquiI 64140
h1 12.594000 1 PVFBDheZ
h1 12.712000 1 rSBhWFfR
h1 12.789000 0 DdKbizbT 8459
h1 12.880000 0 NrqcvkfU 14226
h1 12.974000 1 TA1eBH5y
h1 13.071000 0 oG7wFpYh 8159
h1 13.161000 1 bbIAquiI
h1 13.161000 0 fqjlfMmY 44469
h1 13.161000 0 giUZqW30 2920
h1 13.253000 0 JXswJt9y 47942
h1 13.346000 0 WJ5Gxns9 44767
h1 13.446000 0 zv6CMZsu 62146
h1 13.537000 1 b3JMmSRm
h1 13.634000 0 boiCf7Qb 23031
h1 13.728000 0 4TnK2xke 60047
h1 13.805000 1 7GxVBBn0
h1 13.914000 1 KpiDNcQv
h1 14.017000 1 JXswJt9y
h1 14.125000 1 TA1eBH5y
h1 14.213000 0 TA1eBH5y 19125
h1 14.317000 0 KTDvwOPD 12114
h1 14.409000 1 ZbZYqRKb
h1 14.506000 1 Veb0Sd5J
h1 14.604000 1 NrqcvkfU
h1 14.717000 0 aJWlTlWK 47910
h1 14.809000 0 oG7wFpYh 15274
h1 14.895000 0 ORLoH5Io 22600
h1 14.981000 0 3aZbLAlB 7336
h1 15.077000 1 NrqcvkfU
h1 15.154000 1 ePylUyta
h1 15.154000 0 gwwF3WHA 62719
h1 15.253000 1 oG7wFpYh
h1 15.361000 1 w7aiW6k1
h1 15.457000 0 v6aNZfi8 22442
h1 15.545000 0 DdKbizbT 4178
h1 15.640000 0 ePylUyta 34481
h1 15.755000 0 HWVDpg7O 3174
h1 15.867000 0 5gs2Otqr 16448
h1 15.957000 1 IQsi8d4Z
h1 16.056000 0 7uLuAJOl 34602
h1 16.140000 1 PVFBDheZ
h1 16.238000 1 rSBhWFfR
h1 16.333000 0 3FYifsqt 36321
h1 16.436000 0 RHWVUCTy 31829
h1 16.517000 1 ccsyuimW
h1 16.617000 1 fqjlfMmY
h1 16.721000 1 yYaoe30q
h1 16.811000 1 KQsZYiaS
h1 16.918000 1 yYaoe30q
h1 17.029000 0 l9twX85u 35741
h1 17.116000 0 gpbOYAlH 6091
h1 17.222000 0 vQ1cerYA 34012
h1 17.341000 1 BVnPGBk6
h1 17.450000 1 5gs2Otqr
h1 17.527000 1 RHWVUCTy
h1 17.634000 1 KTDvwOPD
h1 17.751000 1 yCABmzMS
h1 17.862000 1 cOn5SvHk
h1 17.968000 1 l9twX85u
h1 18.082000 1 PNV6LJ21
h1 18.162000 1 4TnK2xke
h1 18.255000 0 5EYE8CHL 55123
h1 18.355000 1 BVnPGBk6
h1 18.461000 0 H4qjR34n 25365
h1 18.568000 1 l9twX85u
h1 18.692000 1 cOn5SvHk
h1 18.809000 1 yYaoe30q
h1 18.902000 0 YCJKApoz 50681
h1 18.994000 1 zv6CMZsu
h1 19.089000 1 DdKbizbT
h1 19.185000 1 YCJKApoz
h1 19.297000 0 hXcUpJj4 31571
h1 19.396000 0 3aZbLAlB 63616
h1 19.489000 1 PNV6LJ21
h1 19.589000 0 b3JMmSRm 21619
h1 19.685000 0 9TiDK85e 13095
h1 19.685000 0 SVkYraI5 26412
h1 19.685000 1 caxMzsdT
h1 19.779000 0 TA1eBH5y 42119
h1 19.882000 0 SVkYraI5 43204
h1 19.882000 0 cz6Ja3Ng 29620
h1 19.882000 1 hXcUpJj4
h1 19.967000 1 IQsi8d4Z
h1 20.051000 1 fqjlfMmY
h1 20.150000 0 X8XVQlgB 35109
h1 20.244000 1 5gs2Otqr
h1 20.351000 0 VRcZga1C 15567
h1 20.454000 1 9TiDK85e
h1 20.564000 0 hSLKp4pp 21177
h1 20.644000 1 yYaoe30q
h1 20.741000 0 FsgJd3nJ 28645
h1 20.843000 0 eKQWw8Sr 15891
h1 20.943000 0 bbIAquiI 26971
h1 21.032000 1 ZbZYqRKb
h1 21.147000 1 YCJKApoz
h1 21.249000 0 SVkYraI5 42461
h1 21.340000 1 YCJKApoz
h1 21.454000 1 cOn5SvHk
h1 21.541000 0 Wbe5wGZg 27965
h1 21.648000 0 ePylUyta 14941
h1 21.749000 0 cOn5SvHk 54936
h1 21.850000 1 bbIAquiI
h1 21.944000 0 jTN7OsyJ 5394
h1 22.044000 1 F7dOvVmV
h1 22.142000 1 3aZbLAlB
h1 22.238000 0 roLkpGiH 50239
h1 22.318000 0 MQK8iu1v 44986
h1 22.413000 1 3aZbLAlB
h1 22.497000 0 vXgstzoe 25363
h1 22.590000 1 v6aNZfi8
h1 22.694000 0 Bp0HcASo 35644
h1 22.813000 1 gpbOYAlH
h1 22.910000 0 YCJKApoz 57714
h1 23.013000 1 oG7wFpYh
h1 23.109000 0 amJj2Fln 27652
h1 23.211000 0 dmmIUpLf 23302
h1 23.316000 1 yCABmzMS
h1 23.427000 0 PNV6LJ21 5301
h1 23.427000 0 awjvnxuQ 23637
h1 23.427000 1 rSBhWFfR
h1 23.531000 0 JXswJt9y 37771
h1 23.647000 0 c6pn4c6Y 15333
h1 23.755000 1 jTN7OsyJ
h1 23.853000 1 boiCf7Qb
h1 23.957000 0 2pUuaLMo 46270
h1 24.056000 0 HxAbi2lI 36980
h1 24.171000 0 amJj2Fln 40159
h1 24.275000 0 DKKN0uKV 47860
h1 24.389000 0 Bp0HcASo 52257
h1 24.482000 1 roLkpGiH
h1 24.582000 0 IQsi8d4Z 46643
h1 24.680000 0 fQJYkm5h 27362
h1 24.800000 1 dmmIUpLf
h1 24.890000 1 cz6Ja3Ng
h1 24.993000 1 5gs2Otqr
h1 25.084000 0 DKKN0uKV 46477
h1 25.176000 0 cOn5SvHk 24154
h1 25.273000 0 NjKHDFCc 4472
h1 25.375000 1 caxMzsdT
h1 25.474000 0 X8XVQlgB 64356
h1 25.572000 1 BVnPGBk6
h1 25.679000 1 5EYE8CHL
h1 25.773000 1 HWVDpg7O
h1 25.870000 1 WJ5Gxns9
h1 25.967000 1 7uLuAJOl
h1 26.067000 0 R428H11F 47488
h1 26.172000 0 w3v7qN0v 40156
h1 26.278000 0 hSLKp4pp 11905
h1 26.376000 1 hSLKp4pp
h1 26.490000 0 FGXbTXwG 16055
h1 26.612000 0 F8Dq9rrq 62668
h1 26.696000 0 BVnPGBk6 19482
h1 26.786000 1 DdKbizbT
h1 26.882000 0 X8XVQlgB 26804
h1 26.980000 1 c6pn4c6Y
h1 27.097000 1 KTDvwOPD
h1 27.097000 1 R428H11F
h1 27.097000 1 oqjPgJVb
h1 27.201000 0 kXHhXAvY 44171
h1 27.305000 1 w7aiW6k1
h1 27.404000 0 sG8lZp5q 44977
h1 27.479000 0 jdFSOuR7 10927
h1 27.587000 1 dmmIUpLf
h1 27.678000 0 XZKiGUW6 63995
h1 27.793000 1 Bp0HcASo
h1 27.911000 0 aJWlTlWK 21395
h1 28.005000 1 3aZbLAlB
h1 28.109000 1 amJj2Fln
h1 28.208000 0 ORLoH5Io 21680
h1 28.307000 1 NrqcvkfU
h1 28.416000 0 fLcMQXVc 64546
h1 28.524000 0 dmmIUpLf 49011
h1 28.615000 1 BVnPGBk6
h1 28.707000 1 loQ3cvnw
h1 28.825000 1 sG8lZp5q
h1 28.917000 0 qxmEerd5 27894
h1 29.026000 1 DKKN0uKV
h1 29.114000 1 7GxVBBn0
h1 29.215000 0 vlJf1w6j 25093
h1 29.328000 1 XZKiGUW6
h1 29.428000 1 oqjPgJVb
h1 29.527000 0 fqjlfMmY 57936
h1 29.640000 1 DKKN0uKV
h1 29.752000 0 HWVDpg7O 44483
h1 29.851000 0 X8XVQlgB 40696
h1 29.952000 1 cOn5SvHk
h1 30.066000 0 BpgyBgEv 55114
h1 30.174000 0 sG8lZp5q 4113
h1 30.269000 0 r6o6ypzL 22359
h1 30.367000 0 PBmbmvLq 26786
h1 30.465000 0 CUfHz5vo 55489
h1 30.566000 0 aJWlTlWK 38209
h1 30.681000 1 jdFSOuR7
h1 30.762000 1 fLcMQXVc
h1 30.870000 0 bbIAquiI 22886
h1 30.952000 0 Br3rr0zh 49480
h1 31.047000 1 roLkpGiH
h1 31.137000 1 LTiLOSfv
h1 31.236000 0 5BPZN3Q1 1172
h1 31.339000 1 vlJf1w6j
h1 31.452000 0 alcUHTCm 60231
h1 31.548000 1 vXgstzoe
h1 31.648000 0 FGXbTXwG 40347
h1 31.742000 1 fLcMQXVc
h1 31.835000 1 5EYE8CHL
h1 31.920000 0 SG3Tj96x 57629
h1 32.017000 0 ccsyuimW 55712
h1 32.121000 0 MpqvLmOr 4389
h1 32.212000 0 GwQ4fAym 14129
h1 32.307000 1 7uLuAJOl
h1 32.391000 0 z7ZKZVPG 39291
h1 32.506000 0 uwJu5U59 41536
h1 32.612000 1 GDsz2Ftn
h1 32.706000 1 NjKHDFCc
h1 32.799000 1 Wbe5wGZg
h1 32.904000 1 gpbOYAlH
h1 32.994000 0 m82paQiK 61738
h1 33.100000 1 fQJYkm5h
h1 33.221000 1 BpgyBgEv
h1 33.328000 1 MpqvLmOr
h1 33.419000 1 7GxVBBn0
h1 33.548000 1 VRcZga1C
h1 33.642000 1 aJWlTlWK
h1 33.720000 1 bbIAquiI
h1 33.809000 0 2oQMnRuw 24484
h1 33.917000 1 RHWVUCTy
h1 34.019000 0 aaKz6Tph 23040
h1 34.108000 0 EnJCcBbo 38245
h1 34.108000 0 SVkYraI5 851
h1 34.108000 1 aJWlTlWK
h1 34.206000 0 aaKz6Tph 34183
h1 34.308000 1 gpbOYAlH
h1 34.425000 0 GEMvmPxO 60221
h1 34.522000 1 r6o6ypzL
h1 34.633000 1 gpbOYAlH
h1 34.737000 1 roLkpGiH
h1 34.841000 1 5EYE8CHL
h1 34.841000 0 Vxv7mz7B 8275
h1 34.841000 0 awjvnxuQ 25498
h1 34.931000 0 YCJKApoz 6501
h1 35.028000 1 XZKiGUW6
h1 35.140000 1 MpqvLmOr
h1 35.257000 1 Veb0Sd5J
h1 35.353000 0 jgR451a7 27976
h1 35.442000 1 VRcZga1C
h1 35.534000 1 JXswJt9y
h1 35.639000 1 ZbZYqRKb
h1 35.737000 1 BVnPGBk6
h1 35.824000 1 NrqcvkfU
h1 35.931000 1 gpbOYAlH
h1 36.026000 0 jgR451a7 29653
h1 36.127000 0 Bp0HcASo 31948
h1 36.233000 1 FGXbTXwG
h1 36.323000 1 F7dOvVmV
h1 36.439000 1 giUZqW30
h1 36.535000 0 9cLqdeNR 54997
h1 36.633000 1 fqjlfMmY
h1 36.737000 1 GEMvmPxO
h1 36.828000 1 roLkpGiH
h1 36.923000 0 GEMvmPxO 14148
h1 37.017000 0 zcUJk59Y 33522
h1 37.130000 1 3FYifsqt
h1 37.234000 1 EnJCcBbo
h1 37.327000 0 QoWwAv0K 18588
h1 37.432000 1 5BPZN3Q1
h1 37.567000 1 GwQ4fAym
h1 37.674000 0 VNYfvXVh 32985
h1 37.769000 1 kXHhXAvY
h1 37.872000 1 F8Dq9rrq
h1 37.973000 1 5EYE8CHL
h1 38.076000 1 YCJKApoz
h1 38.188000 1 TA1eBH5y
h1 38.299000 1 5BPZN3Q1
h1 38.299000 1 FGXbTXwG
h1 38.299000 0 sgSaxVc0 32044
h1 38.401000 0 4TnK2xke 19794
h1 38.498000 0 sgSaxVc0 29281
h1 38.611000 1 zv6CMZsu
h1 38.716000 1 GwQ4fAym
h1 38.801000 1 amJj2Fln
h1 38.906000 0 jdFSOuR7 28599
h1 39.017000 1 F8Dq9rrq
h1 39.123000 1 zcUJk59Y
h1 39.217000 1 jTN7OsyJ
h1 39.330000 1 w3v7qN0v
h1 39.437000 0 NjKHDFCc 3911
h1 39.557000 0 bbIAquiI 50357
h1 39.649000 1 PNV6LJ21
h1 39.741000 0 SinGDlKA 45750
h1 39.842000 1 jdFSOuR7
h1 39.942000 0 hXcUpJj4 24556
h1 40.053000 1 Br3rr0zh
h1 40.157000 1 FGXbTXwG
h1 40.157000 1 LTiLOSfv
h1 40.157000 1 PVFBDheZ
h1 40.255000 1 jTN7OsyJ
h1 40.255000 0 rZ31ufB8 56810
h1 40.359000 0 yCABmzMS 3165
h1 40.437000 1 MpqvLmOr
h1 40.539000 0 VNYfvXVh 49063
h1 40.644000 1 oqjPgJVb
h1 40.758000 0 5BPZN3Q1 9304
h1 40.850000 1 MQK8iu1v
h1 40.944000 0 2pUuaLMo 57653
h1 41.040000 1 3FYifsqt
h1 41.153000 0 0lz8J6Yr 55670
h1 41.248000 1 loQ3cvnw
h1 41.348000 0 c6pn4c6Y 58216
h1 41.434000 1 jTN7OsyJ
h1 41.532000 0 roLkpGiH 59251
h1 41.637000 1 xw5CMHjA
h1 41.742000 0 cOn5SvHk 33522
h1 41.827000 1 giUZqW30
h1 41.915000 0 vlJf1w6j 63724
h1 42.013000 0 9IlJW4Re 18328
h1 42.107000 1 QoWwAv0K
h1 42.198000 1 MQK8iu1v
h1 42.289000 1 fLcMQXVc
h1 42.388000 0 DPPcs3jc 60782
h1 42.483000 0 G4BTWkth 16943
h1 42.582000 0 7jSuwrw0 45874
h1 42.680000 0 ZbZYqRKb 33066
h1 42.794000 0 dzyb1Ock 17519
h1 42.895000 0 8908fRdW 57581
h1 42.996000 1 giUZqW30
h1 43.108000 1 w7aiW6k1
h1 43.196000 0 rtAxpSJK 32596
h1 43.286000 1 CUfHz5vo
h1 43.372000 0 gWwV6lov 31201
h1 43.459000 1 3FYifsqt
h1 43.558000 0 NRzLiyqF 5316
h1 43.656000 1 VNYfvXVh
h1 43.758000 0 l9twX85u 46220
h1 43.860000 1 NRzLiyqF
h1 43.953000 0 3FIihhik 29749
h1 44.051000 1 FGXbTXwG
h1 44.142000 1 Vxv7mz7B
h1 44.246000 1 fqjlfMmY
h1 44.349000 0 22yM5kmQ 36619
h1 44.440000 1 TA1eBH5y
h1 44.547000 0 94N0BDSX 30895
h1 44.644000 0 IQsi8d4Z 64589
h1 44.740000 1 VRcZga1C
h1 44.849000 0 LOiABQrc 57178
h1 44.940000 0 c6pn4c6Y 7236
h1 45.056000 1 sG8lZp5q
h1 45.163000 0 7GxVBBn0 56163
h1 45.268000 0 WJ5Gxns9 385
h1 45.372000 0 jTN7OsyJ 20454
h1 45.475000 1 c6pn4c6Y
h1 45.581000 0 xw5CMHjA 39543
h1 45.673000 1 sgSaxVc0
h1 45.777000 0 9gAOXKsp 12530
h1 45.885000 1 SG3Tj96x
h1 45.993000 1 hXcUpJj4
h1 46.105000 0 xw5CMHjA 34144
h1 46.221000 1 yCABmzMS
h1 46.324000 0 vlJf1w6j 50254
h1 46.434000 0 ytoO8pk3 52938
h1 46.533000 1 3FIihhik
h1 46.631000 1 sG8lZp5q
h1 46.718000 1 9cLqdeNR
h1 46.823000 1 uwJu5U59
h1 46.925000 1 HxAbi2lI
h1 47.024000 1 dmmIUpLf
h1 47.122000 0 oPd2NiS0 15874
h1 47.231000 0 sG8lZp5q 8426
h1 47.341000 0 NrqcvkfU 36555
h1 47.444000 1 Veb0Sd5J
h1 47.555000 0 GwQ4fAym 48241
h1 47.668000 0 vkzTNkk4 10089
h1 47.761000 1 MQK8iu1v
h1 47.871000 0 DewSnoq2 10444
h1 47.871000 1 ZbZYqRKb
h1 47.871000 0 r6o6ypzL 35659
h1 47.955000 0 GkyPhhIC 9028
h1 48.054000 0 46BIo74v 20258
h1 48.148000 0 boiCf7Qb 6430
h1 48.260000 0 NRzLiyqF 33067
h1 48.369000 1 r6o6ypzL
h1 48.483000 1 b3JMmSRm
h1 48.578000 1 v6aNZfi8
h1 48.676000 1 0lz8J6Yr
h1 48.790000 0 uo8wbV0m 14502
h1 48.883000 0 QS8nU1XE 61104
h1 48.883000 1 oG7wFpYh
h1 48.983000 1 loQ3cvnw
h1 49.077000 1 H4qjR34n
h1 49.187000 0 0wlWm9tb 41225
h1 49.291000 0 FL0b1vUf 36524
h1 49.401000 1 ccsyuimW
h1 49.496000 1 F7dOvVmV
h1 49.576000 1 MQK8iu1v
h1 49.692000 1 3FYifsqt
h1 49.809000 1 giUZqW30
h1 49.912000 0 v6aNZfi8 61844
h1 50.000000 1 4TnK2xke
h1 50.109000 1 gwwF3WHA
h1 50.212000 0 gpbOYAlH 39588
h1 50.309000 0 o9kievDY 15958
h1 50.397000 0 dmmIUpLf 1142
h1 50.498000 0 B6Lny6g2 22424
h1 50.595000 0 GKt85wTw 11551
h1 50.693000 0 VrSuIYkC 61296
h1 50.774000 0 J5fA9CXZ 16977
h1 50.873000 1 MQK8iu1v
h1 50.959000 1 FL0b1vUf
h1 51.067000 0 JXswJt9y 2156
h1 51.171000 1 9IlJW4Re
h1 51.255000 1 BVnPGBk6
h1 51.368000 1 eKQWw8Sr
h1 51.459000 1 CUfHz5vo
h1 51.540000 1 zv6CMZsu
h1 51.643000 0 SrZMbCY4 27777
h1 51.772000 0 lhc3WB7d 23570
h1 51.875000 0 DewSnoq2 51706
h1 51.967000 1 oqjPgJVb
h1 52.063000 0 GKt85wTw 1920
h1 52.165000 1 PNV6LJ21
h1 52.258000 1 7GxVBBn0
h1 52.369000 0 T8Uh88Cq 45667
h1 52.462000 1 9cLqdeNR
h1 52.565000 0 zxtmgBO3 61340
h1 52.662000 1 9cLqdeNR
h1 52.750000 1 oPd2NiS0
h1 52.852000 0 Q7bdcILC 29192
h1 52.960000 0 EWn6rBg1 15295
h1 53.073000 0 awjvnxuQ 8558
h1 53.190000 0 roLkpGiH 56660
h1 53.297000 0 AZ0eufn4 26158
h1 53.405000 0 LTiLOSfv 18623
h1 53.510000 0 VrSuIYkC 63907
h1 53.616000 1 Veb0Sd5J
h1 53.713000 0 ccsyuimW 13266
h1 53.804000 1 BpgyBgEv
h1 53.913000 0 IQsi8d4Z 29065
h1 54.018000 0 vGank40S 56558
h1 54.116000 0 SG3Tj96x 6399
h1 54.211000 0 XZKiGUW6 50523
h1 54.311000 0 Q7bdcILC 44338
h1 54.404000 1 GEMvmPxO
h1 54.514000 0 ZpnPWhPZ 23873
h1 54.609000 0 0YVv47Pp 49986
h1 54.710000 0 vQ1cerYA 16545
h1 54.799000 1 Br3rr0zh
h1 54.894000 0 vXgstzoe 45389
h1 54.985000 1 8908fRdW
h1 55.076000 1 fLcMQXVc
h1 55.179000 1 46BIo74v
h1 55.287000 0 IQsi8d4Z 25841
h1 55.388000 0 YiBZqnxT 49859
h1 55.467000 1 SVkYraI5
h1 55.577000 0 el70MEW5 10071
h1 55.686000 1 hXcUpJj4
h1 55.783000 1 caxMzsdT
h1 55.884000 0 Vxv7mz7B 52660
h1 55.989000 1 l9twX85u
h1 56.088000 0 zBV17vrx 38906
h1 56.184000 0 29Kfs7dL 63577
h1 56.276000 1 DdKbizbT
h1 56.379000 1 9IlJW4Re
h1 56.468000 0 n7AT5dIi 19970
h1 56.574000 0 oqjPgJVb 31826
h1 56.669000 0 0wlWm9tb 17672
h1 56.776000 0 lZaAS1tz 23468
h1 56.874000 0 LOiABQrc 27399
h1 56.975000 1 YiBZqnxT
h1 57.086000 1 dzyb1Ock
h1 57.181000 0 G4BTWkth 2683
h1 57.289000 1 b3JMmSRm
h1 57.394000 0 1xAUOtb1 53455
h1 57.479000 0 Wbeq7SfD 47767
h1 57.581000 1 hXcUpJj4
h1 57.663000 1 SVkYraI5
h1 57.756000 1 QoWwAv0K
h1 57.844000 1 Veb0Sd5J
h1 57.933000 0 cz6Ja3Ng 8863
h1 58.041000 1 uo8wbV0m
h1 58.141000 1 EWn6rBg1
h1 58.243000 1 boiCf7Qb
h1 58.339000 1 m82paQiK
h1 58.453000 0 4TnK2xke 21731
h1 58.556000 1 3FYifsqt
h1 58.644000 0 TA1eBH5y 12464
h1 58.732000 0 3FYifsqt 36267
h1 58.829000 0 AZ0eufn4 31677
h1 58.920000 1 GDsz2Ftn
h1 59.026000 1 boiCf7Qb
h1 59.118000 1 oqjPgJVb
h1 59.207000 0 GDsz2Ftn 49469
h1 59.207000 1 caxMzsdT
h1 59.207000 0 dmmIUpLf 44099
h1 59.320000 1 3aZbLAlB
h1 59.415000 1 EnJCcBbo
h1 59.508000 0 qcow3BlI 47555
h1 59.604000 0 ymL0D49c 11983
h1 59.705000 1 9gAOXKsp
h1 59.794000 0 u9RcLlEP 36787
h1 59.907000 1 7uLuAJOl
